

================================================================
== Vivado HLS Report for 'buffer_func1_D6'
================================================================
* Date:           Mon Sep  2 22:41:17 2019

* Version:        2018.2 (Build 2258646 on Thu Jun 14 20:25:20 MDT 2018)
* Project:        2mmDataflow
* Solution:       solution1
* Product family: zynq
* Target device:  xc7z020clg484-1


================================================================
== Performance Estimates
================================================================
+ Timing (ns): 
    * Summary: 
    +--------+-------+----------+------------+
    |  Clock | Target| Estimated| Uncertainty|
    +--------+-------+----------+------------+
    |ap_clk  |   6.00|     4.985|        0.75|
    +--------+-------+----------+------------+

+ Latency (clock cycles): 
    * Summary: 
    +------+------+------+------+---------+
    |   Latency   |   Interval  | Pipeline|
    |  min |  max |  min |  max |   Type  |
    +------+------+------+------+---------+
    |  1185|  1185|  1185|  1185|   none  |
    +------+------+------+------+---------+

    + Detail: 
        * Instance: 
        N/A

        * Loop: 
        +-------------+------+------+----------+-----------+-----------+------+----------+
        |             |   Latency   | Iteration|  Initiation Interval  | Trip |          |
        |  Loop Name  |  min |  max |  Latency |  achieved |   target  | Count| Pipelined|
        +-------------+------+------+----------+-----------+-----------+------+----------+
        |- Loop 1     |  1184|  1184|        74|          -|          -|    16|    no    |
        | + Loop 1.1  |    72|    72|         3|          -|          -|    24|    no    |
        +-------------+------+------+----------+-----------+-----------+------+----------+



================================================================
== Utilization Estimates
================================================================
* Summary: 
+-----------------+---------+-------+--------+-------+
|       Name      | BRAM_18K| DSP48E|   FF   |  LUT  |
+-----------------+---------+-------+--------+-------+
|DSP              |        -|      -|       -|      -|
|Expression       |        -|      -|       0|     80|
|FIFO             |        -|      -|       -|      -|
|Instance         |        -|      -|       -|      -|
|Memory           |        -|      -|       -|      -|
|Multiplexer      |        -|      -|       -|     51|
|Register         |        -|      -|     128|      -|
+-----------------+---------+-------+--------+-------+
|Total            |        0|      0|     128|    131|
+-----------------+---------+-------+--------+-------+
|Available        |      280|    220|  106400|  53200|
+-----------------+---------+-------+--------+-------+
|Utilization (%)  |        0|      0|   ~0   |   ~0  |
+-----------------+---------+-------+--------+-------+

+ Detail: 
    * Instance: 
    N/A

    * DSP48: 
    N/A

    * Memory: 
    N/A

    * FIFO: 
    N/A

    * Expression: 
    +--------------------+----------+-------+---+----+------------+------------+
    |    Variable Name   | Operation| DSP48E| FF| LUT| Bitwidth P0| Bitwidth P1|
    +--------------------+----------+-------+---+----+------------+------------+
    |i_3_fu_80_p2        |     +    |      0|  0|  15|           5|           1|
    |j_3_fu_118_p2       |     +    |      0|  0|  15|           5|           1|
    |tmp_25_fu_128_p2    |     +    |      0|  0|  14|          10|          10|
    |tmp_24_fu_106_p2    |     -    |      0|  0|  14|          10|          10|
    |exitcond1_fu_74_p2  |   icmp   |      0|  0|  11|           5|           6|
    |exitcond_fu_112_p2  |   icmp   |      0|  0|  11|           5|           5|
    +--------------------+----------+-------+---+----+------------+------------+
    |Total               |          |      0|  0|  80|          40|          33|
    +--------------------+----------+-------+---+----+------------+------------+

    * Multiplexer: 
    +-----------+----+-----------+-----+-----------+
    |    Name   | LUT| Input Size| Bits| Total Bits|
    +-----------+----+-----------+-----+-----------+
    |ap_NS_fsm  |  33|          6|    1|          6|
    |i_reg_52   |   9|          2|    5|         10|
    |j_reg_63   |   9|          2|    5|         10|
    +-----------+----+-----------+-----+-----------+
    |Total      |  51|         10|   11|         26|
    +-----------+----+-----------+-----+-----------+

    * Register: 
    +----------------------+----+----+-----+-----------+
    |         Name         | FF | LUT| Bits| Const Bits|
    +----------------------+----+----+-----+-----------+
    |D_input_load_reg_169  |  32|   0|   32|          0|
    |ap_CS_fsm             |   5|   0|    5|          0|
    |i_3_reg_141           |   5|   0|    5|          0|
    |i_reg_52              |   5|   0|    5|          0|
    |j_3_reg_154           |   5|   0|    5|          0|
    |j_reg_63              |   5|   0|    5|          0|
    |tmp_24_reg_146        |   7|   0|   10|          3|
    |tmp_66_cast_reg_159   |  64|   0|   64|          0|
    +----------------------+----+----+-----+-----------+
    |Total                 | 128|   0|  131|          3|
    +----------------------+----+----+-----+-----------+



================================================================
== Interface
================================================================
* Summary: 
+------------------+-----+-----+------------+-----------------+--------------+
|     RTL Ports    | Dir | Bits|  Protocol  |  Source Object  |    C Type    |
+------------------+-----+-----+------------+-----------------+--------------+
|ap_clk            |  in |    1| ap_ctrl_hs | buffer_func1_D6 | return value |
|ap_rst            |  in |    1| ap_ctrl_hs | buffer_func1_D6 | return value |
|ap_start          |  in |    1| ap_ctrl_hs | buffer_func1_D6 | return value |
|ap_done           | out |    1| ap_ctrl_hs | buffer_func1_D6 | return value |
|ap_idle           | out |    1| ap_ctrl_hs | buffer_func1_D6 | return value |
|ap_ready          | out |    1| ap_ctrl_hs | buffer_func1_D6 | return value |
|D_input_address0  | out |    9|  ap_memory |     D_input     |     array    |
|D_input_ce0       | out |    1|  ap_memory |     D_input     |     array    |
|D_input_q0        |  in |   32|  ap_memory |     D_input     |     array    |
|D_mid_address0    | out |    9|  ap_memory |      D_mid      |     array    |
|D_mid_ce0         | out |    1|  ap_memory |      D_mid      |     array    |
|D_mid_we0         | out |    1|  ap_memory |      D_mid      |     array    |
|D_mid_d0          | out |   32|  ap_memory |      D_mid      |     array    |
+------------------+-----+-----+------------+-----------------+--------------+

