

================================================================
== Vivado HLS Report for 'kernel_2mm_wrapper'
================================================================
* Date:           Mon Sep  2 22:41:21 2019

* Version:        2018.2 (Build 2258646 on Thu Jun 14 20:25:20 MDT 2018)
* Project:        2mmDataflow
* Solution:       solution1
* Product family: zynq
* Target device:  xc7z020clg484-1


================================================================
== Performance Estimates
================================================================
+ Timing (ns): 
    * Summary: 
    +--------+-------+----------+------------+
    |  Clock | Target| Estimated| Uncertainty|
    +--------+-------+----------+------------+
    |ap_clk  |   6.00|     5.879|        0.75|
    +--------+-------+----------+------------+

+ Latency (clock cycles): 
    * Summary: 
    +-------+-------+-------+-------+----------+
    |    Latency    |    Interval   | Pipeline |
    |  min  |  max  |  min  |  max  |   Type   |
    +-------+-------+-------+-------+----------+
    |  41564|  41564|  20770|  20770| dataflow |
    +-------+-------+-------+-------+----------+

    + Detail: 
        * Instance: 
        +---------------+------------+-------+-------+-------+-------+----------+
        |               |            |    Latency    |    Interval   | Pipeline |
        |    Instance   |   Module   |  min  |  max  |  min  |  max  |   Type   |
        +---------------+------------+-------+-------+-------+-------+----------+
        |kernel_2mm_U0  |kernel_2mm  |  39492|  39492|  20770|  20770| dataflow |
        |readData32_U0  |readData32  |   1677|   1677|   1677|   1677|   none   |
        |writeData_U0   |writeData   |    393|    393|    393|    393|   none   |
        +---------------+------------+-------+-------+-------+-------+----------+

        * Loop: 
        N/A



================================================================
== Utilization Estimates
================================================================
* Summary: 
+-----------------+---------+-------+--------+-------+
|       Name      | BRAM_18K| DSP48E|   FF   |  LUT  |
+-----------------+---------+-------+--------+-------+
|DSP              |        -|      -|       -|      -|
|Expression       |        -|      -|       0|     58|
|FIFO             |        0|      -|       5|     44|
|Instance         |       27|     52|    9643|   7276|
|Memory           |       14|      -|       0|      0|
|Multiplexer      |        -|      -|       -|    117|
|Register         |        -|      -|      13|      -|
+-----------------+---------+-------+--------+-------+
|Total            |       41|     52|    9661|   7495|
+-----------------+---------+-------+--------+-------+
|Available        |      280|    220|  106400|  53200|
+-----------------+---------+-------+--------+-------+
|Utilization (%)  |       14|     23|       9|     14|
+-----------------+---------+-------+--------+-------+

+ Detail: 
    * Instance: 
    +----------------------------------------+--------------------------------------+---------+-------+------+------+
    |                Instance                |                Module                | BRAM_18K| DSP48E|  FF  |  LUT |
    +----------------------------------------+--------------------------------------+---------+-------+------+------+
    |kernel_2mm_U0                           |kernel_2mm                            |       17|     52|  5109|  1998|
    |kernel_2mm_wrapper_for_control_s_axi_U  |kernel_2mm_wrapper_for_control_s_axi  |        0|      0|   226|   360|
    |kernel_2mm_wrapper_gmem0_m_axi_U        |kernel_2mm_wrapper_gmem0_m_axi        |        2|      0|   512|   580|
    |kernel_2mm_wrapper_gmem1_m_axi_U        |kernel_2mm_wrapper_gmem1_m_axi        |        2|      0|   512|   580|
    |kernel_2mm_wrapper_gmem2_m_axi_U        |kernel_2mm_wrapper_gmem2_m_axi        |        2|      0|   512|   580|
    |kernel_2mm_wrapper_gmem3_m_axi_U        |kernel_2mm_wrapper_gmem3_m_axi        |        2|      0|   512|   580|
    |kernel_2mm_wrapper_gmem4_m_axi_U        |kernel_2mm_wrapper_gmem4_m_axi        |        2|      0|   512|   580|
    |readData32_U0                           |readData32                            |        0|      0|  1537|  1689|
    |writeData_U0                            |writeData                             |        0|      0|   211|   329|
    +----------------------------------------+--------------------------------------+---------+-------+------+------+
    |Total                                   |                                      |       27|     52|  9643|  7276|
    +----------------------------------------+--------------------------------------+---------+-------+------+------+

    * DSP48: 
    N/A

    * Memory: 
    +------------+----------------------+---------+---+----+------+-----+------+-------------+
    |   Memory   |        Module        | BRAM_18K| FF| LUT| Words| Bits| Banks| W*Bits*Banks|
    +------------+----------------------+---------+---+----+------+-----+------+-------------+
    |A_0_U       |kernel_2mm_wrappemb6  |        1|  0|   0|   192|   32|     2|        12288|
    |A_1_U       |kernel_2mm_wrappemb6  |        1|  0|   0|   192|   32|     2|        12288|
    |B_0_U       |kernel_2mm_wrappeocq  |        1|  0|   0|   216|   32|     2|        13824|
    |B_1_U       |kernel_2mm_wrappeocq  |        1|  0|   0|   216|   32|     2|        13824|
    |C_0_U       |kernel_2mm_wrappeqcK  |        1|  0|   0|    72|   32|     2|         4608|
    |C_1_U       |kernel_2mm_wrappeqcK  |        1|  0|   0|    72|   32|     2|         4608|
    |C_2_U       |kernel_2mm_wrappesc4  |        1|  0|   0|    48|   32|     2|         3072|
    |C_3_U       |kernel_2mm_wrappesc4  |        1|  0|   0|    48|   32|     2|         3072|
    |C_4_U       |kernel_2mm_wrappesc4  |        1|  0|   0|    48|   32|     2|         3072|
    |C_5_U       |kernel_2mm_wrappesc4  |        1|  0|   0|    48|   32|     2|         3072|
    |C_6_U       |kernel_2mm_wrappesc4  |        1|  0|   0|    48|   32|     2|         3072|
    |C_7_U       |kernel_2mm_wrappesc4  |        1|  0|   0|    48|   32|     2|         3072|
    |D_U         |kernel_2mm_wrappeyd2  |        1|  0|   0|   384|   32|     2|        24576|
    |D_output_U  |kernel_2mm_wrappeyd2  |        1|  0|   0|   384|   32|     2|        24576|
    +------------+----------------------+---------+---+----+------+-----+------+-------------+
    |Total       |                      |       14|  0|   0|  2016|  448|    28|       129024|
    +------------+----------------------+---------+---+----+------+-----+------+-------------+

    * FIFO: 
    +------------------+---------+---+----+------+-----+---------+
    |       Name       | BRAM_18K| FF| LUT| Depth| Bits| Size:D*B|
    +------------------+---------+---+----+------+-----+---------+
    |D_output_AXI_c_U  |        0|  5|  44|     3|   32|       96|
    +------------------+---------+---+----+------+-----+---------+
    |Total             |        0|  5|  44|     3|   32|       96|
    +------------------+---------+---+----+------+-----+---------+

    * Expression: 
    +---------------------------+----------+-------+---+----+------------+------------+
    |       Variable Name       | Operation| DSP48E| FF| LUT| Bitwidth P0| Bitwidth P1|
    +---------------------------+----------+-------+---+----+------------+------------+
    |ap_channel_done_A_0        |    and   |      0|  0|   2|           1|           1|
    |ap_channel_done_A_1        |    and   |      0|  0|   2|           1|           1|
    |ap_channel_done_B_0        |    and   |      0|  0|   2|           1|           1|
    |ap_channel_done_B_1        |    and   |      0|  0|   2|           1|           1|
    |ap_channel_done_C_0        |    and   |      0|  0|   2|           1|           1|
    |ap_channel_done_C_1        |    and   |      0|  0|   2|           1|           1|
    |ap_channel_done_C_2        |    and   |      0|  0|   2|           1|           1|
    |ap_channel_done_C_3        |    and   |      0|  0|   2|           1|           1|
    |ap_channel_done_C_4        |    and   |      0|  0|   2|           1|           1|
    |ap_channel_done_C_5        |    and   |      0|  0|   2|           1|           1|
    |ap_channel_done_C_6        |    and   |      0|  0|   2|           1|           1|
    |ap_channel_done_C_7        |    and   |      0|  0|   2|           1|           1|
    |ap_channel_done_D          |    and   |      0|  0|   2|           1|           1|
    |ap_idle                    |    and   |      0|  0|   2|           1|           1|
    |kernel_2mm_U0_ap_start     |    and   |      0|  0|   2|           1|           1|
    |readData32_U0_ap_continue  |    and   |      0|  0|   2|           1|           1|
    |ap_sync_channel_write_A_0  |    or    |      0|  0|   2|           1|           1|
    |ap_sync_channel_write_A_1  |    or    |      0|  0|   2|           1|           1|
    |ap_sync_channel_write_B_0  |    or    |      0|  0|   2|           1|           1|
    |ap_sync_channel_write_B_1  |    or    |      0|  0|   2|           1|           1|
    |ap_sync_channel_write_C_0  |    or    |      0|  0|   2|           1|           1|
    |ap_sync_channel_write_C_1  |    or    |      0|  0|   2|           1|           1|
    |ap_sync_channel_write_C_2  |    or    |      0|  0|   2|           1|           1|
    |ap_sync_channel_write_C_3  |    or    |      0|  0|   2|           1|           1|
    |ap_sync_channel_write_C_4  |    or    |      0|  0|   2|           1|           1|
    |ap_sync_channel_write_C_5  |    or    |      0|  0|   2|           1|           1|
    |ap_sync_channel_write_C_6  |    or    |      0|  0|   2|           1|           1|
    |ap_sync_channel_write_C_7  |    or    |      0|  0|   2|           1|           1|
    |ap_sync_channel_write_D    |    or    |      0|  0|   2|           1|           1|
    +---------------------------+----------+-------+---+----+------------+------------+
    |Total                      |          |      0|  0|  58|          29|          29|
    +---------------------------+----------+-------+---+----+------------+------------+

    * Multiplexer: 
    +-------------------------------+----+-----------+-----+-----------+
    |              Name             | LUT| Input Size| Bits| Total Bits|
    +-------------------------------+----+-----------+-----+-----------+
    |ap_sync_reg_channel_write_A_0  |   9|          2|    1|          2|
    |ap_sync_reg_channel_write_A_1  |   9|          2|    1|          2|
    |ap_sync_reg_channel_write_B_0  |   9|          2|    1|          2|
    |ap_sync_reg_channel_write_B_1  |   9|          2|    1|          2|
    |ap_sync_reg_channel_write_C_0  |   9|          2|    1|          2|
    |ap_sync_reg_channel_write_C_1  |   9|          2|    1|          2|
    |ap_sync_reg_channel_write_C_2  |   9|          2|    1|          2|
    |ap_sync_reg_channel_write_C_3  |   9|          2|    1|          2|
    |ap_sync_reg_channel_write_C_4  |   9|          2|    1|          2|
    |ap_sync_reg_channel_write_C_5  |   9|          2|    1|          2|
    |ap_sync_reg_channel_write_C_6  |   9|          2|    1|          2|
    |ap_sync_reg_channel_write_C_7  |   9|          2|    1|          2|
    |ap_sync_reg_channel_write_D    |   9|          2|    1|          2|
    +-------------------------------+----+-----------+-----+-----------+
    |Total                          | 117|         26|   13|         26|
    +-------------------------------+----+-----------+-----+-----------+

    * Register: 
    +-------------------------------+---+----+-----+-----------+
    |              Name             | FF| LUT| Bits| Const Bits|
    +-------------------------------+---+----+-----+-----------+
    |ap_sync_reg_channel_write_A_0  |  1|   0|    1|          0|
    |ap_sync_reg_channel_write_A_1  |  1|   0|    1|          0|
    |ap_sync_reg_channel_write_B_0  |  1|   0|    1|          0|
    |ap_sync_reg_channel_write_B_1  |  1|   0|    1|          0|
    |ap_sync_reg_channel_write_C_0  |  1|   0|    1|          0|
    |ap_sync_reg_channel_write_C_1  |  1|   0|    1|          0|
    |ap_sync_reg_channel_write_C_2  |  1|   0|    1|          0|
    |ap_sync_reg_channel_write_C_3  |  1|   0|    1|          0|
    |ap_sync_reg_channel_write_C_4  |  1|   0|    1|          0|
    |ap_sync_reg_channel_write_C_5  |  1|   0|    1|          0|
    |ap_sync_reg_channel_write_C_6  |  1|   0|    1|          0|
    |ap_sync_reg_channel_write_C_7  |  1|   0|    1|          0|
    |ap_sync_reg_channel_write_D    |  1|   0|    1|          0|
    +-------------------------------+---+----+-----+-----------+
    |Total                          | 13|   0|   13|          0|
    +-------------------------------+---+----+-----+-----------+



================================================================
== Interface
================================================================
* Summary: 
+---------------------------+-----+-----+------------+--------------------+--------------+
|         RTL Ports         | Dir | Bits|  Protocol  |    Source Object   |    C Type    |
+---------------------------+-----+-----+------------+--------------------+--------------+
|s_axi_for_control_AWVALID  |  in |    1|    s_axi   |     for_control    |    scalar    |
|s_axi_for_control_AWREADY  | out |    1|    s_axi   |     for_control    |    scalar    |
|s_axi_for_control_AWADDR   |  in |    6|    s_axi   |     for_control    |    scalar    |
|s_axi_for_control_WVALID   |  in |    1|    s_axi   |     for_control    |    scalar    |
|s_axi_for_control_WREADY   | out |    1|    s_axi   |     for_control    |    scalar    |
|s_axi_for_control_WDATA    |  in |   32|    s_axi   |     for_control    |    scalar    |
|s_axi_for_control_WSTRB    |  in |    4|    s_axi   |     for_control    |    scalar    |
|s_axi_for_control_ARVALID  |  in |    1|    s_axi   |     for_control    |    scalar    |
|s_axi_for_control_ARREADY  | out |    1|    s_axi   |     for_control    |    scalar    |
|s_axi_for_control_ARADDR   |  in |    6|    s_axi   |     for_control    |    scalar    |
|s_axi_for_control_RVALID   | out |    1|    s_axi   |     for_control    |    scalar    |
|s_axi_for_control_RREADY   |  in |    1|    s_axi   |     for_control    |    scalar    |
|s_axi_for_control_RDATA    | out |   32|    s_axi   |     for_control    |    scalar    |
|s_axi_for_control_RRESP    | out |    2|    s_axi   |     for_control    |    scalar    |
|s_axi_for_control_BVALID   | out |    1|    s_axi   |     for_control    |    scalar    |
|s_axi_for_control_BREADY   |  in |    1|    s_axi   |     for_control    |    scalar    |
|s_axi_for_control_BRESP    | out |    2|    s_axi   |     for_control    |    scalar    |
|ap_clk                     |  in |    1| ap_ctrl_hs | kernel_2mm_wrapper | return value |
|ap_rst_n                   |  in |    1| ap_ctrl_hs | kernel_2mm_wrapper | return value |
|interrupt                  | out |    1| ap_ctrl_hs | kernel_2mm_wrapper | return value |
|m_axi_gmem0_AWVALID        | out |    1|    m_axi   |        gmem0       |    pointer   |
|m_axi_gmem0_AWREADY        |  in |    1|    m_axi   |        gmem0       |    pointer   |
|m_axi_gmem0_AWADDR         | out |   32|    m_axi   |        gmem0       |    pointer   |
|m_axi_gmem0_AWID           | out |    1|    m_axi   |        gmem0       |    pointer   |
|m_axi_gmem0_AWLEN          | out |    8|    m_axi   |        gmem0       |    pointer   |
|m_axi_gmem0_AWSIZE         | out |    3|    m_axi   |        gmem0       |    pointer   |
|m_axi_gmem0_AWBURST        | out |    2|    m_axi   |        gmem0       |    pointer   |
|m_axi_gmem0_AWLOCK         | out |    2|    m_axi   |        gmem0       |    pointer   |
|m_axi_gmem0_AWCACHE        | out |    4|    m_axi   |        gmem0       |    pointer   |
|m_axi_gmem0_AWPROT         | out |    3|    m_axi   |        gmem0       |    pointer   |
|m_axi_gmem0_AWQOS          | out |    4|    m_axi   |        gmem0       |    pointer   |
|m_axi_gmem0_AWREGION       | out |    4|    m_axi   |        gmem0       |    pointer   |
|m_axi_gmem0_AWUSER         | out |    1|    m_axi   |        gmem0       |    pointer   |
|m_axi_gmem0_WVALID         | out |    1|    m_axi   |        gmem0       |    pointer   |
|m_axi_gmem0_WREADY         |  in |    1|    m_axi   |        gmem0       |    pointer   |
|m_axi_gmem0_WDATA          | out |   32|    m_axi   |        gmem0       |    pointer   |
|m_axi_gmem0_WSTRB          | out |    4|    m_axi   |        gmem0       |    pointer   |
|m_axi_gmem0_WLAST          | out |    1|    m_axi   |        gmem0       |    pointer   |
|m_axi_gmem0_WID            | out |    1|    m_axi   |        gmem0       |    pointer   |
|m_axi_gmem0_WUSER          | out |    1|    m_axi   |        gmem0       |    pointer   |
|m_axi_gmem0_ARVALID        | out |    1|    m_axi   |        gmem0       |    pointer   |
|m_axi_gmem0_ARREADY        |  in |    1|    m_axi   |        gmem0       |    pointer   |
|m_axi_gmem0_ARADDR         | out |   32|    m_axi   |        gmem0       |    pointer   |
|m_axi_gmem0_ARID           | out |    1|    m_axi   |        gmem0       |    pointer   |
|m_axi_gmem0_ARLEN          | out |    8|    m_axi   |        gmem0       |    pointer   |
|m_axi_gmem0_ARSIZE         | out |    3|    m_axi   |        gmem0       |    pointer   |
|m_axi_gmem0_ARBURST        | out |    2|    m_axi   |        gmem0       |    pointer   |
|m_axi_gmem0_ARLOCK         | out |    2|    m_axi   |        gmem0       |    pointer   |
|m_axi_gmem0_ARCACHE        | out |    4|    m_axi   |        gmem0       |    pointer   |
|m_axi_gmem0_ARPROT         | out |    3|    m_axi   |        gmem0       |    pointer   |
|m_axi_gmem0_ARQOS          | out |    4|    m_axi   |        gmem0       |    pointer   |
|m_axi_gmem0_ARREGION       | out |    4|    m_axi   |        gmem0       |    pointer   |
|m_axi_gmem0_ARUSER         | out |    1|    m_axi   |        gmem0       |    pointer   |
|m_axi_gmem0_RVALID         |  in |    1|    m_axi   |        gmem0       |    pointer   |
|m_axi_gmem0_RREADY         | out |    1|    m_axi   |        gmem0       |    pointer   |
|m_axi_gmem0_RDATA          |  in |   32|    m_axi   |        gmem0       |    pointer   |
|m_axi_gmem0_RLAST          |  in |    1|    m_axi   |        gmem0       |    pointer   |
|m_axi_gmem0_RID            |  in |    1|    m_axi   |        gmem0       |    pointer   |
|m_axi_gmem0_RUSER          |  in |    1|    m_axi   |        gmem0       |    pointer   |
|m_axi_gmem0_RRESP          |  in |    2|    m_axi   |        gmem0       |    pointer   |
|m_axi_gmem0_BVALID         |  in |    1|    m_axi   |        gmem0       |    pointer   |
|m_axi_gmem0_BREADY         | out |    1|    m_axi   |        gmem0       |    pointer   |
|m_axi_gmem0_BRESP          |  in |    2|    m_axi   |        gmem0       |    pointer   |
|m_axi_gmem0_BID            |  in |    1|    m_axi   |        gmem0       |    pointer   |
|m_axi_gmem0_BUSER          |  in |    1|    m_axi   |        gmem0       |    pointer   |
|m_axi_gmem1_AWVALID        | out |    1|    m_axi   |        gmem1       |    pointer   |
|m_axi_gmem1_AWREADY        |  in |    1|    m_axi   |        gmem1       |    pointer   |
|m_axi_gmem1_AWADDR         | out |   32|    m_axi   |        gmem1       |    pointer   |
|m_axi_gmem1_AWID           | out |    1|    m_axi   |        gmem1       |    pointer   |
|m_axi_gmem1_AWLEN          | out |    8|    m_axi   |        gmem1       |    pointer   |
|m_axi_gmem1_AWSIZE         | out |    3|    m_axi   |        gmem1       |    pointer   |
|m_axi_gmem1_AWBURST        | out |    2|    m_axi   |        gmem1       |    pointer   |
|m_axi_gmem1_AWLOCK         | out |    2|    m_axi   |        gmem1       |    pointer   |
|m_axi_gmem1_AWCACHE        | out |    4|    m_axi   |        gmem1       |    pointer   |
|m_axi_gmem1_AWPROT         | out |    3|    m_axi   |        gmem1       |    pointer   |
|m_axi_gmem1_AWQOS          | out |    4|    m_axi   |        gmem1       |    pointer   |
|m_axi_gmem1_AWREGION       | out |    4|    m_axi   |        gmem1       |    pointer   |
|m_axi_gmem1_AWUSER         | out |    1|    m_axi   |        gmem1       |    pointer   |
|m_axi_gmem1_WVALID         | out |    1|    m_axi   |        gmem1       |    pointer   |
|m_axi_gmem1_WREADY         |  in |    1|    m_axi   |        gmem1       |    pointer   |
|m_axi_gmem1_WDATA          | out |   32|    m_axi   |        gmem1       |    pointer   |
|m_axi_gmem1_WSTRB          | out |    4|    m_axi   |        gmem1       |    pointer   |
|m_axi_gmem1_WLAST          | out |    1|    m_axi   |        gmem1       |    pointer   |
|m_axi_gmem1_WID            | out |    1|    m_axi   |        gmem1       |    pointer   |
|m_axi_gmem1_WUSER          | out |    1|    m_axi   |        gmem1       |    pointer   |
|m_axi_gmem1_ARVALID        | out |    1|    m_axi   |        gmem1       |    pointer   |
|m_axi_gmem1_ARREADY        |  in |    1|    m_axi   |        gmem1       |    pointer   |
|m_axi_gmem1_ARADDR         | out |   32|    m_axi   |        gmem1       |    pointer   |
|m_axi_gmem1_ARID           | out |    1|    m_axi   |        gmem1       |    pointer   |
|m_axi_gmem1_ARLEN          | out |    8|    m_axi   |        gmem1       |    pointer   |
|m_axi_gmem1_ARSIZE         | out |    3|    m_axi   |        gmem1       |    pointer   |
|m_axi_gmem1_ARBURST        | out |    2|    m_axi   |        gmem1       |    pointer   |
|m_axi_gmem1_ARLOCK         | out |    2|    m_axi   |        gmem1       |    pointer   |
|m_axi_gmem1_ARCACHE        | out |    4|    m_axi   |        gmem1       |    pointer   |
|m_axi_gmem1_ARPROT         | out |    3|    m_axi   |        gmem1       |    pointer   |
|m_axi_gmem1_ARQOS          | out |    4|    m_axi   |        gmem1       |    pointer   |
|m_axi_gmem1_ARREGION       | out |    4|    m_axi   |        gmem1       |    pointer   |
|m_axi_gmem1_ARUSER         | out |    1|    m_axi   |        gmem1       |    pointer   |
|m_axi_gmem1_RVALID         |  in |    1|    m_axi   |        gmem1       |    pointer   |
|m_axi_gmem1_RREADY         | out |    1|    m_axi   |        gmem1       |    pointer   |
|m_axi_gmem1_RDATA          |  in |   32|    m_axi   |        gmem1       |    pointer   |
|m_axi_gmem1_RLAST          |  in |    1|    m_axi   |        gmem1       |    pointer   |
|m_axi_gmem1_RID            |  in |    1|    m_axi   |        gmem1       |    pointer   |
|m_axi_gmem1_RUSER          |  in |    1|    m_axi   |        gmem1       |    pointer   |
|m_axi_gmem1_RRESP          |  in |    2|    m_axi   |        gmem1       |    pointer   |
|m_axi_gmem1_BVALID         |  in |    1|    m_axi   |        gmem1       |    pointer   |
|m_axi_gmem1_BREADY         | out |    1|    m_axi   |        gmem1       |    pointer   |
|m_axi_gmem1_BRESP          |  in |    2|    m_axi   |        gmem1       |    pointer   |
|m_axi_gmem1_BID            |  in |    1|    m_axi   |        gmem1       |    pointer   |
|m_axi_gmem1_BUSER          |  in |    1|    m_axi   |        gmem1       |    pointer   |
|m_axi_gmem2_AWVALID        | out |    1|    m_axi   |        gmem2       |    pointer   |
|m_axi_gmem2_AWREADY        |  in |    1|    m_axi   |        gmem2       |    pointer   |
|m_axi_gmem2_AWADDR         | out |   32|    m_axi   |        gmem2       |    pointer   |
|m_axi_gmem2_AWID           | out |    1|    m_axi   |        gmem2       |    pointer   |
|m_axi_gmem2_AWLEN          | out |    8|    m_axi   |        gmem2       |    pointer   |
|m_axi_gmem2_AWSIZE         | out |    3|    m_axi   |        gmem2       |    pointer   |
|m_axi_gmem2_AWBURST        | out |    2|    m_axi   |        gmem2       |    pointer   |
|m_axi_gmem2_AWLOCK         | out |    2|    m_axi   |        gmem2       |    pointer   |
|m_axi_gmem2_AWCACHE        | out |    4|    m_axi   |        gmem2       |    pointer   |
|m_axi_gmem2_AWPROT         | out |    3|    m_axi   |        gmem2       |    pointer   |
|m_axi_gmem2_AWQOS          | out |    4|    m_axi   |        gmem2       |    pointer   |
|m_axi_gmem2_AWREGION       | out |    4|    m_axi   |        gmem2       |    pointer   |
|m_axi_gmem2_AWUSER         | out |    1|    m_axi   |        gmem2       |    pointer   |
|m_axi_gmem2_WVALID         | out |    1|    m_axi   |        gmem2       |    pointer   |
|m_axi_gmem2_WREADY         |  in |    1|    m_axi   |        gmem2       |    pointer   |
|m_axi_gmem2_WDATA          | out |   32|    m_axi   |        gmem2       |    pointer   |
|m_axi_gmem2_WSTRB          | out |    4|    m_axi   |        gmem2       |    pointer   |
|m_axi_gmem2_WLAST          | out |    1|    m_axi   |        gmem2       |    pointer   |
|m_axi_gmem2_WID            | out |    1|    m_axi   |        gmem2       |    pointer   |
|m_axi_gmem2_WUSER          | out |    1|    m_axi   |        gmem2       |    pointer   |
|m_axi_gmem2_ARVALID        | out |    1|    m_axi   |        gmem2       |    pointer   |
|m_axi_gmem2_ARREADY        |  in |    1|    m_axi   |        gmem2       |    pointer   |
|m_axi_gmem2_ARADDR         | out |   32|    m_axi   |        gmem2       |    pointer   |
|m_axi_gmem2_ARID           | out |    1|    m_axi   |        gmem2       |    pointer   |
|m_axi_gmem2_ARLEN          | out |    8|    m_axi   |        gmem2       |    pointer   |
|m_axi_gmem2_ARSIZE         | out |    3|    m_axi   |        gmem2       |    pointer   |
|m_axi_gmem2_ARBURST        | out |    2|    m_axi   |        gmem2       |    pointer   |
|m_axi_gmem2_ARLOCK         | out |    2|    m_axi   |        gmem2       |    pointer   |
|m_axi_gmem2_ARCACHE        | out |    4|    m_axi   |        gmem2       |    pointer   |
|m_axi_gmem2_ARPROT         | out |    3|    m_axi   |        gmem2       |    pointer   |
|m_axi_gmem2_ARQOS          | out |    4|    m_axi   |        gmem2       |    pointer   |
|m_axi_gmem2_ARREGION       | out |    4|    m_axi   |        gmem2       |    pointer   |
|m_axi_gmem2_ARUSER         | out |    1|    m_axi   |        gmem2       |    pointer   |
|m_axi_gmem2_RVALID         |  in |    1|    m_axi   |        gmem2       |    pointer   |
|m_axi_gmem2_RREADY         | out |    1|    m_axi   |        gmem2       |    pointer   |
|m_axi_gmem2_RDATA          |  in |   32|    m_axi   |        gmem2       |    pointer   |
|m_axi_gmem2_RLAST          |  in |    1|    m_axi   |        gmem2       |    pointer   |
|m_axi_gmem2_RID            |  in |    1|    m_axi   |        gmem2       |    pointer   |
|m_axi_gmem2_RUSER          |  in |    1|    m_axi   |        gmem2       |    pointer   |
|m_axi_gmem2_RRESP          |  in |    2|    m_axi   |        gmem2       |    pointer   |
|m_axi_gmem2_BVALID         |  in |    1|    m_axi   |        gmem2       |    pointer   |
|m_axi_gmem2_BREADY         | out |    1|    m_axi   |        gmem2       |    pointer   |
|m_axi_gmem2_BRESP          |  in |    2|    m_axi   |        gmem2       |    pointer   |
|m_axi_gmem2_BID            |  in |    1|    m_axi   |        gmem2       |    pointer   |
|m_axi_gmem2_BUSER          |  in |    1|    m_axi   |        gmem2       |    pointer   |
|m_axi_gmem3_AWVALID        | out |    1|    m_axi   |        gmem3       |    pointer   |
|m_axi_gmem3_AWREADY        |  in |    1|    m_axi   |        gmem3       |    pointer   |
|m_axi_gmem3_AWADDR         | out |   32|    m_axi   |        gmem3       |    pointer   |
|m_axi_gmem3_AWID           | out |    1|    m_axi   |        gmem3       |    pointer   |
|m_axi_gmem3_AWLEN          | out |    8|    m_axi   |        gmem3       |    pointer   |
|m_axi_gmem3_AWSIZE         | out |    3|    m_axi   |        gmem3       |    pointer   |
|m_axi_gmem3_AWBURST        | out |    2|    m_axi   |        gmem3       |    pointer   |
|m_axi_gmem3_AWLOCK         | out |    2|    m_axi   |        gmem3       |    pointer   |
|m_axi_gmem3_AWCACHE        | out |    4|    m_axi   |        gmem3       |    pointer   |
|m_axi_gmem3_AWPROT         | out |    3|    m_axi   |        gmem3       |    pointer   |
|m_axi_gmem3_AWQOS          | out |    4|    m_axi   |        gmem3       |    pointer   |
|m_axi_gmem3_AWREGION       | out |    4|    m_axi   |        gmem3       |    pointer   |
|m_axi_gmem3_AWUSER         | out |    1|    m_axi   |        gmem3       |    pointer   |
|m_axi_gmem3_WVALID         | out |    1|    m_axi   |        gmem3       |    pointer   |
|m_axi_gmem3_WREADY         |  in |    1|    m_axi   |        gmem3       |    pointer   |
|m_axi_gmem3_WDATA          | out |   32|    m_axi   |        gmem3       |    pointer   |
|m_axi_gmem3_WSTRB          | out |    4|    m_axi   |        gmem3       |    pointer   |
|m_axi_gmem3_WLAST          | out |    1|    m_axi   |        gmem3       |    pointer   |
|m_axi_gmem3_WID            | out |    1|    m_axi   |        gmem3       |    pointer   |
|m_axi_gmem3_WUSER          | out |    1|    m_axi   |        gmem3       |    pointer   |
|m_axi_gmem3_ARVALID        | out |    1|    m_axi   |        gmem3       |    pointer   |
|m_axi_gmem3_ARREADY        |  in |    1|    m_axi   |        gmem3       |    pointer   |
|m_axi_gmem3_ARADDR         | out |   32|    m_axi   |        gmem3       |    pointer   |
|m_axi_gmem3_ARID           | out |    1|    m_axi   |        gmem3       |    pointer   |
|m_axi_gmem3_ARLEN          | out |    8|    m_axi   |        gmem3       |    pointer   |
|m_axi_gmem3_ARSIZE         | out |    3|    m_axi   |        gmem3       |    pointer   |
|m_axi_gmem3_ARBURST        | out |    2|    m_axi   |        gmem3       |    pointer   |
|m_axi_gmem3_ARLOCK         | out |    2|    m_axi   |        gmem3       |    pointer   |
|m_axi_gmem3_ARCACHE        | out |    4|    m_axi   |        gmem3       |    pointer   |
|m_axi_gmem3_ARPROT         | out |    3|    m_axi   |        gmem3       |    pointer   |
|m_axi_gmem3_ARQOS          | out |    4|    m_axi   |        gmem3       |    pointer   |
|m_axi_gmem3_ARREGION       | out |    4|    m_axi   |        gmem3       |    pointer   |
|m_axi_gmem3_ARUSER         | out |    1|    m_axi   |        gmem3       |    pointer   |
|m_axi_gmem3_RVALID         |  in |    1|    m_axi   |        gmem3       |    pointer   |
|m_axi_gmem3_RREADY         | out |    1|    m_axi   |        gmem3       |    pointer   |
|m_axi_gmem3_RDATA          |  in |   32|    m_axi   |        gmem3       |    pointer   |
|m_axi_gmem3_RLAST          |  in |    1|    m_axi   |        gmem3       |    pointer   |
|m_axi_gmem3_RID            |  in |    1|    m_axi   |        gmem3       |    pointer   |
|m_axi_gmem3_RUSER          |  in |    1|    m_axi   |        gmem3       |    pointer   |
|m_axi_gmem3_RRESP          |  in |    2|    m_axi   |        gmem3       |    pointer   |
|m_axi_gmem3_BVALID         |  in |    1|    m_axi   |        gmem3       |    pointer   |
|m_axi_gmem3_BREADY         | out |    1|    m_axi   |        gmem3       |    pointer   |
|m_axi_gmem3_BRESP          |  in |    2|    m_axi   |        gmem3       |    pointer   |
|m_axi_gmem3_BID            |  in |    1|    m_axi   |        gmem3       |    pointer   |
|m_axi_gmem3_BUSER          |  in |    1|    m_axi   |        gmem3       |    pointer   |
|m_axi_gmem4_AWVALID        | out |    1|    m_axi   |        gmem4       |    pointer   |
|m_axi_gmem4_AWREADY        |  in |    1|    m_axi   |        gmem4       |    pointer   |
|m_axi_gmem4_AWADDR         | out |   32|    m_axi   |        gmem4       |    pointer   |
|m_axi_gmem4_AWID           | out |    1|    m_axi   |        gmem4       |    pointer   |
|m_axi_gmem4_AWLEN          | out |    8|    m_axi   |        gmem4       |    pointer   |
|m_axi_gmem4_AWSIZE         | out |    3|    m_axi   |        gmem4       |    pointer   |
|m_axi_gmem4_AWBURST        | out |    2|    m_axi   |        gmem4       |    pointer   |
|m_axi_gmem4_AWLOCK         | out |    2|    m_axi   |        gmem4       |    pointer   |
|m_axi_gmem4_AWCACHE        | out |    4|    m_axi   |        gmem4       |    pointer   |
|m_axi_gmem4_AWPROT         | out |    3|    m_axi   |        gmem4       |    pointer   |
|m_axi_gmem4_AWQOS          | out |    4|    m_axi   |        gmem4       |    pointer   |
|m_axi_gmem4_AWREGION       | out |    4|    m_axi   |        gmem4       |    pointer   |
|m_axi_gmem4_AWUSER         | out |    1|    m_axi   |        gmem4       |    pointer   |
|m_axi_gmem4_WVALID         | out |    1|    m_axi   |        gmem4       |    pointer   |
|m_axi_gmem4_WREADY         |  in |    1|    m_axi   |        gmem4       |    pointer   |
|m_axi_gmem4_WDATA          | out |   32|    m_axi   |        gmem4       |    pointer   |
|m_axi_gmem4_WSTRB          | out |    4|    m_axi   |        gmem4       |    pointer   |
|m_axi_gmem4_WLAST          | out |    1|    m_axi   |        gmem4       |    pointer   |
|m_axi_gmem4_WID            | out |    1|    m_axi   |        gmem4       |    pointer   |
|m_axi_gmem4_WUSER          | out |    1|    m_axi   |        gmem4       |    pointer   |
|m_axi_gmem4_ARVALID        | out |    1|    m_axi   |        gmem4       |    pointer   |
|m_axi_gmem4_ARREADY        |  in |    1|    m_axi   |        gmem4       |    pointer   |
|m_axi_gmem4_ARADDR         | out |   32|    m_axi   |        gmem4       |    pointer   |
|m_axi_gmem4_ARID           | out |    1|    m_axi   |        gmem4       |    pointer   |
|m_axi_gmem4_ARLEN          | out |    8|    m_axi   |        gmem4       |    pointer   |
|m_axi_gmem4_ARSIZE         | out |    3|    m_axi   |        gmem4       |    pointer   |
|m_axi_gmem4_ARBURST        | out |    2|    m_axi   |        gmem4       |    pointer   |
|m_axi_gmem4_ARLOCK         | out |    2|    m_axi   |        gmem4       |    pointer   |
|m_axi_gmem4_ARCACHE        | out |    4|    m_axi   |        gmem4       |    pointer   |
|m_axi_gmem4_ARPROT         | out |    3|    m_axi   |        gmem4       |    pointer   |
|m_axi_gmem4_ARQOS          | out |    4|    m_axi   |        gmem4       |    pointer   |
|m_axi_gmem4_ARREGION       | out |    4|    m_axi   |        gmem4       |    pointer   |
|m_axi_gmem4_ARUSER         | out |    1|    m_axi   |        gmem4       |    pointer   |
|m_axi_gmem4_RVALID         |  in |    1|    m_axi   |        gmem4       |    pointer   |
|m_axi_gmem4_RREADY         | out |    1|    m_axi   |        gmem4       |    pointer   |
|m_axi_gmem4_RDATA          |  in |   32|    m_axi   |        gmem4       |    pointer   |
|m_axi_gmem4_RLAST          |  in |    1|    m_axi   |        gmem4       |    pointer   |
|m_axi_gmem4_RID            |  in |    1|    m_axi   |        gmem4       |    pointer   |
|m_axi_gmem4_RUSER          |  in |    1|    m_axi   |        gmem4       |    pointer   |
|m_axi_gmem4_RRESP          |  in |    2|    m_axi   |        gmem4       |    pointer   |
|m_axi_gmem4_BVALID         |  in |    1|    m_axi   |        gmem4       |    pointer   |
|m_axi_gmem4_BREADY         | out |    1|    m_axi   |        gmem4       |    pointer   |
|m_axi_gmem4_BRESP          |  in |    2|    m_axi   |        gmem4       |    pointer   |
|m_axi_gmem4_BID            |  in |    1|    m_axi   |        gmem4       |    pointer   |
|m_axi_gmem4_BUSER          |  in |    1|    m_axi   |        gmem4       |    pointer   |
+---------------------------+-----+-----+------------+--------------------+--------------+

