

================================================================
== Vivado HLS Report for 'func15'
================================================================
* Date:           Mon Sep  2 22:41:13 2019

* Version:        2018.2 (Build 2258646 on Thu Jun 14 20:25:20 MDT 2018)
* Project:        2mmDataflow
* Solution:       solution1
* Product family: zynq
* Target device:  xc7z020clg484-1


================================================================
== Performance Estimates
================================================================
+ Timing (ns): 
    * Summary: 
    +--------+-------+----------+------------+
    |  Clock | Target| Estimated| Uncertainty|
    +--------+-------+----------+------------+
    |ap_clk  |   6.00|     5.079|        0.75|
    +--------+-------+----------+------------+

+ Latency (clock cycles): 
    * Summary: 
    +-------+-------+-------+-------+---------+
    |    Latency    |    Interval   | Pipeline|
    |  min  |  max  |  min  |  max  |   Type  |
    +-------+-------+-------+-------+---------+
    |  18722|  18722|  18722|  18722|   none  |
    +-------+-------+-------+-------+---------+

    + Detail: 
        * Instance: 
        N/A

        * Loop: 
        N/A

============================================================
+ Verbose Summary: Synthesis Manager
============================================================
InlineROM: 1
ExposeGlobal: 0
============================================================
+ Verbose Summary: CDFG Model
============================================================
IsTopModel: 0
ResetActiveHigh: 1
IsCombinational: 2
IsDatapathOnly: 0
HasWiredReturn: 1
HasMFsm: 0
HasVarLatency: 1
IsPipeline: 0
IsRtlPipelined: 0
IsInstanceOverlapped: 0
IsDontTouch: 0
HasImplIP: 0
IsGatedGlobalClock: 0


============================================================
+ Verbose Summary: Schedule
============================================================
* Number of FSM states : 2
* Pipeline : 0
* Dataflow Pipeline: 0

* FSM state transitions: 
1 --> 
	2  / true
2 --> 

* FSM state operations: 

State 1 <SV = 0> <Delay = 0.00>
ST_1 : Operation 3 [2/2] (0.00ns)   --->   "call fastcc void @buffer_func1_D6([384 x i32]* %D, [384 x i32]* %D_mid)" [2mmDataflow/2mm.cc:75]   --->   Operation 3 'call' <Predicate = true> <Delay = 0.00> <CoreType = "Generic">   --->   Core 0 '' <Latency = 0> <II = 1> <Delay = 1.00> <Generic> <Opcode : >
ST_1 : Operation 4 [2/2] (0.00ns)   --->   "call fastcc void @buffer_func1_C7([72 x i32]* %C_0, [72 x i32]* %C_1, [48 x i32]* %C_2, [48 x i32]* %C_3, [48 x i32]* %C_4, [48 x i32]* %C_5, [48 x i32]* %C_6, [48 x i32]* %C_7, [72 x i32]* %C_mid_0, [72 x i32]* %C_mid_1, [48 x i32]* %C_mid_2, [48 x i32]* %C_mid_3, [48 x i32]* %C_mid_4, [48 x i32]* %C_mid_5, [48 x i32]* %C_mid_6, [48 x i32]* %C_mid_7)" [2mmDataflow/2mm.cc:79]   --->   Operation 4 'call' <Predicate = true> <Delay = 0.00> <CoreType = "Generic">   --->   Core 0 '' <Latency = 0> <II = 1> <Delay = 1.00> <Generic> <Opcode : >
ST_1 : Operation 5 [2/2] (0.00ns)   --->   "call fastcc void @func1_execute8([48 x i32]* %tmp_0, [48 x i32]* %tmp_1, [32 x i32]* %tmp_2, [32 x i32]* %tmp_3, [32 x i32]* %tmp_4, [32 x i32]* %tmp_5, [32 x i32]* %tmp_6, [32 x i32]* %tmp_7, [192 x i32]* %A_0, [192 x i32]* %A_1, [216 x i32]* %B_0, [216 x i32]* %B_1)" [2mmDataflow/2mm.cc:83]   --->   Operation 5 'call' <Predicate = true> <Delay = 0.00> <CoreType = "Generic">   --->   Core 0 '' <Latency = 0> <II = 1> <Delay = 1.00> <Generic> <Opcode : >

State 2 <SV = 1> <Delay = 0.00>
ST_2 : Operation 6 [1/2] (0.00ns)   --->   "call fastcc void @buffer_func1_D6([384 x i32]* %D, [384 x i32]* %D_mid)" [2mmDataflow/2mm.cc:75]   --->   Operation 6 'call' <Predicate = true> <Delay = 0.00> <CoreType = "Generic">   --->   Core 0 '' <Latency = 0> <II = 1> <Delay = 1.00> <Generic> <Opcode : >
ST_2 : Operation 7 [1/2] (0.00ns)   --->   "call fastcc void @buffer_func1_C7([72 x i32]* %C_0, [72 x i32]* %C_1, [48 x i32]* %C_2, [48 x i32]* %C_3, [48 x i32]* %C_4, [48 x i32]* %C_5, [48 x i32]* %C_6, [48 x i32]* %C_7, [72 x i32]* %C_mid_0, [72 x i32]* %C_mid_1, [48 x i32]* %C_mid_2, [48 x i32]* %C_mid_3, [48 x i32]* %C_mid_4, [48 x i32]* %C_mid_5, [48 x i32]* %C_mid_6, [48 x i32]* %C_mid_7)" [2mmDataflow/2mm.cc:79]   --->   Operation 7 'call' <Predicate = true> <Delay = 0.00> <CoreType = "Generic">   --->   Core 0 '' <Latency = 0> <II = 1> <Delay = 1.00> <Generic> <Opcode : >
ST_2 : Operation 8 [1/2] (0.00ns)   --->   "call fastcc void @func1_execute8([48 x i32]* %tmp_0, [48 x i32]* %tmp_1, [32 x i32]* %tmp_2, [32 x i32]* %tmp_3, [32 x i32]* %tmp_4, [32 x i32]* %tmp_5, [32 x i32]* %tmp_6, [32 x i32]* %tmp_7, [192 x i32]* %A_0, [192 x i32]* %A_1, [216 x i32]* %B_0, [216 x i32]* %B_1)" [2mmDataflow/2mm.cc:83]   --->   Operation 8 'call' <Predicate = true> <Delay = 0.00> <CoreType = "Generic">   --->   Core 0 '' <Latency = 0> <II = 1> <Delay = 1.00> <Generic> <Opcode : >
ST_2 : Operation 9 [1/1] (0.00ns)   --->   "ret void" [2mmDataflow/2mm.cc:89]   --->   Operation 9 'ret' <Predicate = true> <Delay = 0.00>


============================================================
+ Verbose Summary: Timing violations
============================================================
Target clock period: 6ns, clock uncertainty: 0.75ns.

 <State 1>: 0ns
The critical path consists of the following:

 <State 2>: 0ns
The critical path consists of the following:


============================================================
+ Verbose Summary: Binding
============================================================
N/A
* FSMD analyzer results:
  - Output states:
 - Input state : 
  - Chain level:
	State 1
	State 2


============================================================
+ Verbose Summary: Datapath Resource usage 
============================================================
N/A
